<?xml version="1.0" encoding="UTF-8"?>
<!-- Generated by org.testng.reporters.JUnitReportReporter -->
<testsuite skipped="0" hostname="ZMO-WIN-JyotiM-01" name="maven.mavenJava.seleniumTest" tests="2" failures="0" timestamp="07 Dec 2021 12:47:01 GMT" time="0.010" errors="0">
  <testcase name="BrowserAUtomation" time="0.010" classname="maven.mavenJava.seleniumTest"/>
  <testcase name="ElementUI" time="0.000" classname="maven.mavenJava.seleniumTest"/>
</testsuite> <!-- maven.mavenJava.seleniumTest -->
