<?xml version="1.0" encoding="UTF-8"?>
<!-- Generated by org.testng.reporters.JUnitReportReporter -->
<testsuite skipped="0" hostname="ZMO-WIN-JyotiM-01" name="maven.mavenJava.APITest" tests="2" failures="0" timestamp="07 Dec 2021 12:47:01 GMT" time="0.003" errors="0">
  <testcase name="postjira" time="0.001" classname="maven.mavenJava.APITest"/>
  <testcase name="deleteTwitter" time="0.002" classname="maven.mavenJava.APITest"/>
</testsuite> <!-- maven.mavenJava.APITest -->
